* Starting client
* Connecting to master process on port 13442
* Analyzing classpath: 
  - /Users/SakshilVerma/Downloads/bears/bears-3/patched/target/test-classes
  - /Users/SakshilVerma/Downloads/bears/bears-3/patched/target/classes
  - /Users/SakshilVerma/.m2/repository/com/fasterxml/jackson/core/jackson-annotations/2.8.0/jackson-annotations-2.8.0.jar
  - /Users/SakshilVerma/.m2/repository/com/fasterxml/jackson/core/jackson-core/2.8.5/jackson-core-2.8.5.jar
  - /Users/SakshilVerma/.m2/repository/junit/junit/4.12/junit-4.12.jar
  - /Users/SakshilVerma/.m2/repository/org/hamcrest/hamcrest-core/1.3/hamcrest-core-1.3.jar
  - /Users/SakshilVerma/.m2/repository/org/javassist/javassist/3.20.0-GA/javassist-3.20.0-GA.jar
  - /Users/SakshilVerma/.m2/repository/org/mockito/mockito-core/1.10.19/mockito-core-1.10.19.jar
  - /Users/SakshilVerma/.m2/repository/org/objenesis/objenesis/2.1/objenesis-2.1.jar
  - /Users/SakshilVerma/.m2/repository/javax/measure/jsr-275/0.9.1/jsr-275-0.9.1.jar
  - /Users/SakshilVerma/.m2/repository/com/google/jimfs/jimfs/1.1/jimfs-1.1.jar
  - /Users/SakshilVerma/.m2/repository/com/google/guava/guava/18.0/guava-18.0.jar
* Finished analyzing classpath
* Generating tests for class com.fasterxml.jackson.databind.deser.impl.BeanPropertyMap
* Test criteria:
  - Line Coverage
  - Branch Coverage
  - Exception
  - Mutation testing (weak)
  - Method-Output Coverage
  - Top-Level Method Coverage
  - No-Exception Top-Level Method Coverage
  - Context Branch Coverage
* Setting up search algorithm for whole suite generation
[MASTER] 13:55:40.609 [pool-2-thread-1] WARN  TestSuiteSerialization - Cannot load tests because file does not exist: /Users/SakshilVerma/Downloads/bears/bears-3/patched/.evosuite/evosuite-seeds/com.fasterxml.jackson.databind.deser.impl.BeanPropertyMap.seed
* Loaded 0 tests from /Users/SakshilVerma/Downloads/bears/bears-3/patched/.evosuite/evosuite-seeds/com.fasterxml.jackson.databind.deser.impl.BeanPropertyMap.seed
* Total number of test goals: 
  - Line 226
  - Branch 149
  - Exception 0
  - MutationFactory 937
  - Output 91
  - Method 21
  - MethodNoException 21
  - CBranchFitnessFactory 149
* Using seed 1711997734721
* Starting evolution
* Search finished after 67s and 41 generations, 23607 statements, best individual has fitness: 735.0894265135187
* Writing sequences to pool
* Minimizing test suite
* Going to analyze the coverage criteria
* Coverage analysis for criterion LINE
* Coverage of criterion LINE: 73%
* Total number of goals: 226
* Number of covered goals: 165
* Coverage analysis for criterion BRANCH
* Coverage of criterion BRANCH: 60%
* Total number of goals: 149
* Number of covered goals: 90
* Coverage analysis for criterion EXCEPTION
* Coverage of criterion EXCEPTION: 100%
* Total number of goals: 17
* Number of covered goals: 17
* Coverage analysis for criterion WEAKMUTATION
* Coverage of criterion WEAKMUTATION: 52%
* Total number of goals: 937
* Number of covered goals: 491
* Coverage analysis for criterion OUTPUT
* Coverage of criterion OUTPUT: 43%
* Total number of goals: 91
* Number of covered goals: 39
* Coverage analysis for criterion METHOD
* Coverage of criterion METHOD: 100%
* Total number of goals: 21
* Number of covered goals: 21
* Coverage analysis for criterion METHODNOEXCEPTION
* Coverage of criterion METHODNOEXCEPTION: 90%
* Total number of goals: 21
* Number of covered goals: 19
* Coverage analysis for criterion CBRANCH
* Coverage of criterion CBRANCH: 59%
* Total number of goals: 149
* Number of covered goals: 88
* Generated 50 tests with total length 297
* Resulting test suite's coverage: 72% (average coverage for all fitness functions)
* Generating assertions
[MASTER] 13:57:01.836 [pool-2-thread-1] WARN  SimpleMutationAssertionGenerator - Assertion minimization is taking too long (0.7236666666666667% of time used, but only 18/50 tests minimized), falling back to using all assertions
* Resulting test suite's mutation score: 16%
* Compiling and checking tests
* Permissions denied during test execution: 
  - java.lang.RuntimePermission: 
         writeFileDescriptor: 1
* Writing JUnit test case 'BeanPropertyMap_ESTest' to /Users/SakshilVerma/Downloads/bears/bears-3/patched/.evosuite/tmp_2024_04_01_13_55_32/tests
* Done!

