* Starting client
* Connecting to master process on port 6763
* Analyzing classpath: 
  - /Users/SakshilVerma/Downloads/bears/bears-9/buggy/target/test-classes
  - /Users/SakshilVerma/Downloads/bears/bears-9/buggy/target/classes
  - /Users/SakshilVerma/.m2/repository/com/fasterxml/jackson/core/jackson-annotations/2.8.0/jackson-annotations-2.8.0.jar
  - /Users/SakshilVerma/.m2/repository/com/fasterxml/jackson/core/jackson-core/2.8.7/jackson-core-2.8.7.jar
  - /Users/SakshilVerma/.m2/repository/junit/junit/4.12/junit-4.12.jar
  - /Users/SakshilVerma/.m2/repository/org/hamcrest/hamcrest-core/1.3/hamcrest-core-1.3.jar
  - /Users/SakshilVerma/.m2/repository/org/javassist/javassist/3.20.0-GA/javassist-3.20.0-GA.jar
  - /Users/SakshilVerma/.m2/repository/org/mockito/mockito-core/1.10.19/mockito-core-1.10.19.jar
  - /Users/SakshilVerma/.m2/repository/org/objenesis/objenesis/2.1/objenesis-2.1.jar
  - /Users/SakshilVerma/.m2/repository/javax/measure/jsr-275/0.9.1/jsr-275-0.9.1.jar
  - /Users/SakshilVerma/.m2/repository/com/google/jimfs/jimfs/1.1/jimfs-1.1.jar
  - /Users/SakshilVerma/.m2/repository/com/google/guava/guava/18.0/guava-18.0.jar
* Finished analyzing classpath
* Generating tests for class com.fasterxml.jackson.databind.jsontype.impl.AsPropertyTypeDeserializer
* Test criteria:
  - Line Coverage
  - Branch Coverage
  - Exception
  - Mutation testing (weak)
  - Method-Output Coverage
  - Top-Level Method Coverage
  - No-Exception Top-Level Method Coverage
  - Context Branch Coverage
* Setting up search algorithm for whole suite generation
[MASTER] 14:51:03.339 [pool-2-thread-1] WARN  TestSuiteSerialization - Cannot load tests because file does not exist: /Users/SakshilVerma/Downloads/bears/bears-9/buggy/.evosuite/evosuite-seeds/com.fasterxml.jackson.databind.jsontype.impl.AsPropertyTypeDeserializer.seed
* Loaded 0 tests from /Users/SakshilVerma/Downloads/bears/bears-9/buggy/.evosuite/evosuite-seeds/com.fasterxml.jackson.databind.jsontype.impl.AsPropertyTypeDeserializer.seed
* Total number of test goals: 
  - Line 60
  - Branch 36
  - Exception 0
  - MutationFactory 34
  - Output 12
  - Method 9
  - MethodNoException 9
  - CBranchFitnessFactory 36
* Using seed 1712001057127
* Starting evolution
[MASTER] 14:51:14.417 [pool-2-thread-1] WARN  TestChromosome - Functional mock problem: org.evosuite.ga.ConstructionFailedException: Invalid generic instance
* Search finished after 66s and 227 generations, 173528 statements, best individual has fitness: 126.58169934640523
* Writing sequences to pool
* Minimizing test suite
* Going to analyze the coverage criteria
* Coverage analysis for criterion LINE
* Coverage of criterion LINE: 45%
* Total number of goals: 60
* Number of covered goals: 27
* Coverage analysis for criterion BRANCH
* Coverage of criterion BRANCH: 39%
* Total number of goals: 36
* Number of covered goals: 14
* Coverage analysis for criterion EXCEPTION
* Coverage of criterion EXCEPTION: 100%
* Total number of goals: 8
* Number of covered goals: 8
* Coverage analysis for criterion WEAKMUTATION
* Coverage of criterion WEAKMUTATION: 35%
* Total number of goals: 34
* Number of covered goals: 12
* Coverage analysis for criterion OUTPUT
* Coverage of criterion OUTPUT: 42%
* Total number of goals: 12
* Number of covered goals: 5
* Coverage analysis for criterion METHOD
* Coverage of criterion METHOD: 100%
* Total number of goals: 9
* Number of covered goals: 9
* Coverage analysis for criterion METHODNOEXCEPTION
* Coverage of criterion METHODNOEXCEPTION: 89%
* Total number of goals: 9
* Number of covered goals: 8
* Coverage analysis for criterion CBRANCH
* Coverage of criterion CBRANCH: 39%
* Total number of goals: 36
* Number of covered goals: 14
* Generated 15 tests with total length 159
* Resulting test suite's coverage: 61% (average coverage for all fitness functions)
* Generating assertions
* Resulting test suite's mutation score: 22%
* Compiling and checking tests
* Writing JUnit test case 'AsPropertyTypeDeserializer_ESTest' to /Users/SakshilVerma/Downloads/bears/bears-9/buggy/.evosuite/tmp_2024_04_01_14_50_55/tests
* Done!

