* Starting client
* Connecting to master process on port 14203
* Analyzing classpath: 
  - /Users/SakshilVerma/Downloads/bears/bears-18/patched/target/test-classes
  - /Users/SakshilVerma/Downloads/bears/bears-18/patched/target/classes
  - /Users/SakshilVerma/.m2/repository/com/fasterxml/jackson/core/jackson-annotations/2.9.0.pr3/jackson-annotations-2.9.0.pr3.jar
  - /Users/SakshilVerma/.m2/repository/com/fasterxml/jackson/core/jackson-core/2.9.0.pr3/jackson-core-2.9.0.pr3.jar
  - /Users/SakshilVerma/.m2/repository/junit/junit/4.12/junit-4.12.jar
  - /Users/SakshilVerma/.m2/repository/org/hamcrest/hamcrest-core/1.3/hamcrest-core-1.3.jar
  - /Users/SakshilVerma/.m2/repository/org/javassist/javassist/3.20.0-GA/javassist-3.20.0-GA.jar
  - /Users/SakshilVerma/.m2/repository/org/mockito/mockito-core/1.10.19/mockito-core-1.10.19.jar
  - /Users/SakshilVerma/.m2/repository/org/objenesis/objenesis/2.1/objenesis-2.1.jar
  - /Users/SakshilVerma/.m2/repository/javax/measure/jsr-275/0.9.1/jsr-275-0.9.1.jar
  - /Users/SakshilVerma/.m2/repository/com/google/jimfs/jimfs/1.1/jimfs-1.1.jar
  - /Users/SakshilVerma/.m2/repository/com/google/guava/guava/18.0/guava-18.0.jar
* Finished analyzing classpath
* Generating tests for class com.fasterxml.jackson.databind.introspect.JacksonAnnotationIntrospector
* Test criteria:
  - Line Coverage
  - Branch Coverage
  - Exception
  - Mutation testing (weak)
  - Method-Output Coverage
  - Top-Level Method Coverage
  - No-Exception Top-Level Method Coverage
  - Context Branch Coverage
* Setting up search algorithm for whole suite generation
[MASTER] 15:17:02.407 [pool-2-thread-1] WARN  TestSuiteSerialization - Cannot load tests because file does not exist: /Users/SakshilVerma/Downloads/bears/bears-18/patched/.evosuite/evosuite-seeds/com.fasterxml.jackson.databind.introspect.JacksonAnnotationIntrospector.seed
* Loaded 0 tests from /Users/SakshilVerma/Downloads/bears/bears-18/patched/.evosuite/evosuite-seeds/com.fasterxml.jackson.databind.introspect.JacksonAnnotationIntrospector.seed
* Total number of test goals: 
  - Line 541
  - Branch 417
  - Exception 0
  - MutationFactory 402
  - Output 488
  - Method 88
  - MethodNoException 88
  - CBranchFitnessFactory 417
* Using seed 1712002615000
* Starting evolution
* Search finished after 67s and 44 generations, 16768 statements, best individual has fitness: 2364.7642609804993
* Writing sequences to pool
[MASTER] 15:18:17.503 [pool-2-thread-1] WARN  TimeController - Phase SEARCH lasted too long, 9 seconds more than allowed.
* Minimizing test suite
* Going to analyze the coverage criteria
* Coverage analysis for criterion LINE
* Coverage of criterion LINE: 31%
* Total number of goals: 541
* Number of covered goals: 170
* Coverage analysis for criterion BRANCH
* Coverage of criterion BRANCH: 19%
* Total number of goals: 417
* Number of covered goals: 80
* Coverage analysis for criterion EXCEPTION
* Coverage of criterion EXCEPTION: 100%
* Total number of goals: 58
* Number of covered goals: 58
* Coverage analysis for criterion WEAKMUTATION
* Coverage of criterion WEAKMUTATION: 20%
* Total number of goals: 402
* Number of covered goals: 79
* Coverage analysis for criterion OUTPUT
* Coverage of criterion OUTPUT: 17%
* Total number of goals: 488
* Number of covered goals: 82
* Coverage analysis for criterion METHOD
* Coverage of criterion METHOD: 84%
* Total number of goals: 88
* Number of covered goals: 74
* Coverage analysis for criterion METHODNOEXCEPTION
* Coverage of criterion METHODNOEXCEPTION: 64%
* Total number of goals: 88
* Number of covered goals: 56
* Coverage analysis for criterion CBRANCH
* Coverage of criterion CBRANCH: 19%
* Total number of goals: 417
* Number of covered goals: 80
* Generated 117 tests with total length 395
* Resulting test suite's coverage: 44% (average coverage for all fitness functions)
* Generating assertions
* Resulting test suite's mutation score: 16%
* Compiling and checking tests
* Writing JUnit test case 'JacksonAnnotationIntrospector_ESTest' to /Users/SakshilVerma/Downloads/bears/bears-18/patched/.evosuite/tmp_2024_04_01_15_16_52/tests
* Done!

